### ISSUE TITLE
Metadata server SIGSEGV in CloseFile after reinline of an open file

### ISSUE THREAD

**Issue by dunci** [ThinkParQ/beegfs#122]
# Metadata server SIGSEGV in CloseFile after reinline of an open file

## Describe the bug

A BeeGFS metadata server can crash with SIGSEGV when a file inode is reinlined while the file is still open, and the client later closes the file.

Affected component: `beegfs-meta`.

Observed effect: a metadata worker thread crashes in the close path:

```text
StatData::updateDynamicFileAttribs(std::vector<ChunkFileInfo>&, StripePattern*)
  -> MsgHelperClose::closeFile(...)
  -> CloseFileMsgEx::closeFilePrimary(...)
  -> MirroredMessage<CloseFileMsg, FileIDLock>::processIncoming(...)
```

The crash appears to happen because `MetaStore::reinlineFileInode()` clears the live `FileInode`'s `inodeDiskData.stripePattern` while that same live inode is still referenced by an open session. Later, `closeFile()` calls `inode->getStatData(sd)`, which reaches `FileInode::updateDynamicAttribs()` and passes a NULL `StripePattern*` into `StatData::updateDynamicFileAttribs()`.

Relevant code path:

```cpp
// MetaStore::reinlineFileInode()
fileInode->setIsInlined(true);
dentry.setFileInodeData(*(fileInode->getInodeDiskData()));
fileInode->getInodeDiskData()->setPattern(NULL);
```

Then on close:

```cpp
// MsgHelperClose::closeFile()
if (timestamps)
{
   StatData sd;
   inode->getStatData(sd);
   *timestamps = sd.getMirroredTimestamps();
}
```

And:

```cpp
// FileInode::updateDynamicAttribs()
this->inodeDiskData.inodeStatData.updateDynamicFileAttribs(
   this->fileInfoVec,
   this->inodeDiskData.getPattern());
```

`StatData::updateDynamicFileAttribs()` dereferences `stripePattern` without checking for NULL.

## Describe the system

Tested on BeeGFS `7.4.7`.

Cluster layout:

1. Metadata:
   - 2 metadata nodes.
   - Metadata buddy mirroring enabled.
   - One metadata buddy group with primary/secondary.

2. Storage:
   - 2 storage nodes.
   - Storage targets online and good.

3. Client:
   - One BeeGFS client node mounting the filesystem.

Example metadata state during reproduction:

```text
TargetID     Reachability  Consistency   NodeID
========     ============  ===========   ======
       1           Online         Good        1
       2           Online         Good        2
```

Mirror group:

```text
MirrorGroupID MGMemberType TargetID   NodeID
============= ============ ========   ======
            1      primary        1        1
            1    secondary        2        2
```

I also checked the public BeeGFS repository up to tag `8.3.1` / current `master`, and the same relevant `reinlineFileInode()` pattern appears to still exist. I reproduced the crash on `7.4.7`.

## To Reproduce

1. Create a test file on a BeeGFS mount:

```bash
F=/mnt/beegfs/nullstripe-repro/f
mkdir -p "$(dirname "$F")"
rm -f "$F"

dd if=/dev/zero of="$F" bs=4k count=1 conv=fsync
```

2. Move the file inode to non-inlined form:

```bash
beegfs-ctl --movefileinode --operation=deinline "$F"
beegfs-ctl --getentryinfo --verbose "$F" | \
  egrep "Metadata buddy group|Current primary metadata node|Inlined inode"
```

Confirm:

```text
Inlined inode: no
```

3. Attach `gdb` to the current primary metadata server:

```bash
PID=$(pidof beegfs-meta)
gdb -q -p "$PID"
```

In `gdb`:

```gdb
set pagination off
handle SIGSEGV stop print nopass
b MsgHelperClose::closeFile
b StatData::updateDynamicFileAttribs
c
```

4. On the BeeGFS client, open the file but do not read/write/fsync it:

```bash
python3 - <<'PY'
import os

p = "/mnt/beegfs/nullstripe-repro/f"
fd = os.open(p, os.O_RDONLY)

print("fd opened, no file IO:", fd)
input("run reinline now, then press Enter to close...")

print("closing")
os.close(fd)
print("closed")
PY
```

Leave this process waiting at the prompt.

5. In another client shell, reinline the inode while the fd is still open:

```bash
beegfs-ctl --movefileinode --operation=reinline "$F"
beegfs-ctl --getentryinfo --verbose "$F" | \
  egrep "Metadata buddy group|Current primary metadata node|Inlined inode"
```

Confirm:

```text
Inlined inode: yes
```

6. Return to the Python process and press Enter to close the fd.

7. The metadata server crashes in the close path.

## Expected behavior

The metadata server should not crash.

Possible acceptable behaviors include:

- Reject `MODE_REINLINE` while the file is open.
- Wait until the live inode is no longer referenced.
- Preserve a valid `StripePattern` in the live `FileInode`.
- Make the close/stat path robust against a missing pattern and return an error.

A client close or an administrative inode movement operation should not cause a metadata server SIGSEGV.

## Log messages, error outputs

Observed production-like stack:

```text
StatData::updateDynamicFileAttribs(std::vector<ChunkFileInfo>&, StripePattern*) +0x33
MsgHelperClose::closeFile(...) +0xfb
CloseFileMsgEx::closeFilePrimary(...) +0x334
MirroredMessage<CloseFileMsg, FileIDLock>::processIncoming(...) +0x560
IncomingPreprocessedMsgWork::process(...) +0x198
Worker::workLoop(...)
Worker::run()
PThread::runStatic(void*)
```

Reproduced test stack:

```text
Thread 19 "Worker10" received signal SIGSEGV, Segmentation fault.
0x000055802c5e6150 in StatData::updateDynamicFileAttribs(
   std::vector<ChunkFileInfo, std::allocator<ChunkFileInfo> >&,
   StripePattern*) ()

#0  StatData::updateDynamicFileAttribs(std::vector<ChunkFileInfo>&, StripePattern*) ()
#1  MsgHelperClose::closeFile(...)
#2  CloseFileMsgEx::closeFilePrimary(NetMessage::ResponseContext&) ()
#3  MirroredMessage<CloseFileMsg, FileIDLock>::processIncoming(...)
#4  IncomingPreprocessedMsgWork::process(...)
#5  Worker::workLoop(...)
#6  Worker::run()
#7  PThread::runStatic(void*)
```

GDB evidence from the reproduced crash:

```gdb
(gdb) x/i $pc
=> 0x55802c5e6150 <StatData::updateDynamicFileAttribs+48>: mov (%rdx),%rax

(gdb) info registers
rdx            0x0                 0

(gdb) x/gx $rsp+0x18
0x7f2fb8cf23c8: 0x0000000000000000
```

This shows that the `StripePattern*` argument passed to `StatData::updateDynamicFileAttribs()` is NULL.

The close path was open-only:

```gdb
(gdb) p/d (int)$rbx
$3 = -1
```

This corresponds to:

```cpp
if(maxUsedNodeIndex == -1)
   return FhgfsOpsErr_SUCCESS;
```

The live `FileInode` used by close also had a NULL pattern field:

```gdb
(gdb) p/x $r13-$r14
$4 = 0xc8

(gdb) x/gx $r14+0x90
0x7f2fb4001560: 0x0000000000000000
```

## Additional context

The open-only step is important. If the file is written or fsynced before close, `maxUsedNodeIndex >= 0`, and the crash may happen earlier in `MsgHelperClose::closeFile()` when `closeChunkFile()` calls:

```cpp
inode.getStripePattern()->getPatternType()
```

That produces a different stack, but appears to have the same underlying cause: the live inode's `StripePattern*` has already been cleared.

In the open-only case, `closeChunkFile()` returns early, so the crash reaches the mirrored timestamps/stat path and matches the production stack in `StatData::updateDynamicFileAttribs()`.

**Comment by iamjoemccormick** [comment]
Hi @dunci ,

The `beegfs-ctl --movefileinode --operation=deinline` is a hidden mode and was primarily intended for testing and troubleshooting when support for hardlinks was added in BeeGFS 7.4. Since that feature is stable and has existed in BeeGFS for awhile, we actually dropped that mode from the new BeeGFS 8 `beegfs` tool that replaced `beegfs-ctl`. What was the use case that prompted you to use this mode?

**Comment by dunci** [comment]
> Hi [@dunci](https://github.com/dunci) ,
> 
> The `beegfs-ctl --movefileinode --operation=deinline` is a hidden mode and was primarily intended for testing and troubleshooting when support for hardlinks was added in BeeGFS 7.4. Since that feature is stable and has existed in BeeGFS for awhile, we actually dropped that mode from the new BeeGFS 8 `beegfs` tool that replaced `beegfs-ctl`. What was the use case that prompted you to use this mode?

Hi @iamjoemccormick  related to https://github.com/ThinkParQ/beegfs/issues/128
